1578318526145	mozrunner::runner	INFO	Running command: "C:\\Program Files (x86)\\Mozilla Firefox\\firefox.exe" "-marionette" "-foreground" "-no-remote" "-profile" "C:\\Users\\江浩瑋\\AppData\\Local\\Temp\\rust_mozprofile10UAKa"
1578318526826	addons.webextension.screenshots@mozilla.org	WARN	Loading extension 'screenshots@mozilla.org': Reading manifest: Invalid extension permission: mozillaAddons
1578318526826	addons.webextension.screenshots@mozilla.org	WARN	Loading extension 'screenshots@mozilla.org': Reading manifest: Invalid extension permission: telemetry
1578318526826	addons.webextension.screenshots@mozilla.org	WARN	Loading extension 'screenshots@mozilla.org': Reading manifest: Invalid extension permission: resource://pdf.js/
1578318526826	addons.webextension.screenshots@mozilla.org	WARN	Loading extension 'screenshots@mozilla.org': Reading manifest: Invalid extension permission: about:reader*
JavaScript error: resource://gre/modules/XULStore.jsm, line 66: Error: Can't find profile directory.
1578318528737	Marionette	INFO	Listening on port 57586
1578318528803	Marionette	WARN	TLS certificate errors will be ignored for this session
[Child 10712, Chrome_ChildThread] WARNING: pipe error: 109: file z:/task_1575281455/build/src/ipc/chromium/src/chrome/common/ipc_channel_win.cc, line 341
[Child 10712, Chrome_ChildThread] WARNING: pipe error: 109: fi[Parent 15652, Gecko_IOThread] WARNING: pipe error: 109: file z:/task_1575281455/build/src/ipc/chromium/src/chrome/common/ipc_channel_win.cc, line 341
[Child 5208, Chrome_ChildThread] WARNING: pipe error: 109: file z:/task_1575281455/build/src/ipc/chromium/src/chrome/common/ipc_channel_win.cc, line 341
[Child 5208, Chrome_ChildTh1578318535821	Marionette	INFO	Stopped listening on port 57586
[GPU 2564, Chrome_ChildThread] WAR
###!!! [Child][RunMessage] Error: Channel closing: too late to send/recv, messages will be lost


###!!! [Child][MessageChannel::SendAndWait] Error: Channel error: cannot send/recv

1578324549097	mozrunner::runner	INFO	Running command: "C:\\Program Files (x86)\\Mozilla Firefox\\firefox.exe" "-marionette" "-foreground" "-no-remote" "-profile" "C:\\Users\\江浩瑋\\AppData\\Local\\Temp\\rust_mozprofiley3z25w"
1578324550019	addons.webextension.screenshots@mozilla.org	WARN	Loading extension 'screenshots@mozilla.org': Reading manifest: Invalid extension permission: mozillaAddons
1578324550019	addons.webextension.screenshots@mozilla.org	WARN	Loading extension 'screenshots@mozilla.org': Reading manifest: Invalid extension permission: telemetry
1578324550019	addons.webextension.screenshots@mozilla.org	WARN	Loading extension 'screenshots@mozilla.org': Reading manifest: Invalid extension permission: resource://pdf.js/
1578324550019	addons.webextension.screenshots@mozilla.org	WARN	Loading extension 'screenshots@mozilla.org': Reading manifest: Invalid extension permission: about:reader*
JavaScript error: resource://gre/modules/XULStore.jsm, line 66: Error: Can't find profile directory.
1578324552029	Marionette	INFO	Listening on port 58386
1578324552252	Marionette	WARN	TLS certificate errors will be ignored for this session
[Child 22016, Chrome_ChildThread] WARNING: pipe error: 109: file z:/task_1575281455/build/src/ipc/chromium/src/chrome/common/ipc_channel_win.cc, line 341
[Child 22016, Chrome_ChildThread] WARNING: pipe error: 109: file z:/task[Child 7896, Chrome_ChildThread] WARNING: pipe error: 109: file z:/task_1575281455/build/src/ipc/chromium/src/chrome/common/ipc_channel_win.cc, line 341
[Child 7896, [Child 11052, Chrome_ChildThread] WARNING: pipe error: 109: file z:/task_1575281455/build/src/ipc/chromium/src/chrome/common/ipc_channel_win.cc, line 341
[Child 11052, Chrome_ChildThrea1578324576322	Marionette	INFO	Stopped listening on port 58386
[GPU 
###!!! [Child][RunMessage] Error: Channel closing: too late to send/recv, messages will be lost

8908, Chrome_ChildThread] WARNIN
###!!! [Child][MessageChannel::SendAndWait] Error: Channel error: cannot send/recv

1578324582591	mozrunner::runner	INFO	Running command: "C:\\Program Files (x86)\\Mozilla Firefox\\firefox.exe" "-marionette" "-foreground" "-no-remote" "-profile" "C:\\Users\\江浩瑋\\AppData\\Local\\Temp\\rust_mozprofilesCR5Io"
1578324583243	addons.webextension.screenshots@mozilla.org	WARN	Loading extension 'screenshots@mozilla.org': Reading manifest: Invalid extension permission: mozillaAddons
1578324583243	addons.webextension.screenshots@mozilla.org	WARN	Loading extension 'screenshots@mozilla.org': Reading manifest: Invalid extension permission: telemetry
1578324583243	addons.webextension.screenshots@mozilla.org	WARN	Loading extension 'screenshots@mozilla.org': Reading manifest: Invalid extension permission: resource://pdf.js/
1578324583243	addons.webextension.screenshots@mozilla.org	WARN	Loading extension 'screenshots@mozilla.org': Reading manifest: Invalid extension permission: about:reader*
JavaScript error: resource://gre/modules/XULStore.jsm, line 66: Error: Can't find profile directory.
1578324584972	Marionette	INFO	Listening on port 58447
1578324585241	Marionette	WARN	TLS certificate errors will be ignored for this session
[Parent 20816, Gecko_IOThread] WARNING: pipe error: 109: file z:/task_1575281455/build/src/ipc/chromium/src/chrome/common/ipc_channel_win.cc, line 341
[Child 20628, Chrome_ChildThread] WARNING: pipe error: 109: file z:/task_1575281455/build/src/ipc/chromium/src/chrome/common/ipc_channel_win.cc, line 341
[Child 20628, Chro[Parent 20816, Gecko_IOThread] WARNING: pipe error: 109: file z:/task_1575281455/build/src/ipc/chromium/src/chrome/common/ipc_channel_win.cc, line 341
[Child 23140, Chrome_ChildThread] WARNING: pipe error: 109: file z:/task_1575281455/build/src/ipc/chromium/src/chrome/common/ipc_channel_win.cc, line 341
[Child 23140, Chrome_Ch1578324590532	Marionette	INFO	Stopped listening on port 58447
[GPU 24164
###!!! [Child][RunMessage] Error: Channel closing: too late to send/recv, messages will be lost

, Chrome
###!!! [Child][MessageChannel::SendAndWait] Error: Channel error: cannot send/recv

1578384206791	mozrunner::runner	INFO	Running command: "C:\\Program Files (x86)\\Mozilla Firefox\\firefox.exe" "-marionette" "-foreground" "-no-remote" "-profile" "C:\\Users\\江浩瑋\\AppData\\Local\\Temp\\rust_mozprofilejSaY3E"
1578384208948	addons.webextension.screenshots@mozilla.org	WARN	Loading extension 'screenshots@mozilla.org': Reading manifest: Invalid extension permission: mozillaAddons
1578384208948	addons.webextension.screenshots@mozilla.org	WARN	Loading extension 'screenshots@mozilla.org': Reading manifest: Invalid extension permission: telemetry
1578384208948	addons.webextension.screenshots@mozilla.org	WARN	Loading extension 'screenshots@mozilla.org': Reading manifest: Invalid extension permission: resource://pdf.js/
1578384208948	addons.webextension.screenshots@mozilla.org	WARN	Loading extension 'screenshots@mozilla.org': Reading manifest: Invalid extension permission: about:reader*
JavaScript error: resource://gre/modules/XULStore.jsm, line 66: Error: Can't find profile directory.
1578384212296	Marionette	INFO	Listening on port 56280
1578384212647	Marionette	WARN	TLS certificate errors will be ignored for this session
[Parent 17332, Gecko_IOThread] WARNING: pipe error: 109: file z:/task_1575281455/build/src/ipc/chromium/src/chrome/common/ipc_channel_win.cc, line 341
[Child 1796, Chrome_ChildThread] WARNING: pipe error: 109: file z:/task_1575281455/build/src/ipc/chromium/src/chrome/common/ipc_channel_win.cc, line 341
[Child 1796, Chrome_[Child 5588, Chrome_ChildThread] WARNING: pipe error: 109: file z:/task_1575281455/build/src/ipc/chromium/src/chrome/common/ipc_channel_win.cc, line 341
[Child 5588[Child 3816, Chrome_ChildThread] WARNING: pipe error: 109: file z:/task_1575281455/build/src/ipc/chromium/src/chrome/common/ipc_channel_win.cc, line 341
[Child 3816, Chrome_Chi1578384218041	Marionette	INFO	Stopped listening on port 56280
[GPU 8836, Chrome_ChildThread] 
###!!! [Child][MessageChannel::SendAndWait] Error: Channel error: cannot send/recv

1578410877341	mozrunner::runner	INFO	Running command: "C:\\Program Files (x86)\\Mozilla Firefox\\firefox.exe" "-marionette" "-foreground" "-no-remote" "-profile" "C:\\Users\\江浩瑋\\AppData\\Local\\Temp\\rust_mozprofileHRF2Ow"
1578410878582	addons.webextension.screenshots@mozilla.org	WARN	Loading extension 'screenshots@mozilla.org': Reading manifest: Invalid extension permission: mozillaAddons
1578410878582	addons.webextension.screenshots@mozilla.org	WARN	Loading extension 'screenshots@mozilla.org': Reading manifest: Invalid extension permission: telemetry
1578410878582	addons.webextension.screenshots@mozilla.org	WARN	Loading extension 'screenshots@mozilla.org': Reading manifest: Invalid extension permission: resource://pdf.js/
1578410878582	addons.webextension.screenshots@mozilla.org	WARN	Loading extension 'screenshots@mozilla.org': Reading manifest: Invalid extension permission: about:reader*
JavaScript error: resource://gre/modules/XULStore.jsm, line 66: Error: Can't find profile directory.
1578410880893	Marionette	INFO	Listening on port 59315
1578410881315	Marionette	WARN	TLS certificate errors will be ignored for this session
[Child 10560, Chrome_ChildThread] WARNING: pipe error: 109: file z:/task_1575281455/build/src/ipc/chromium/src/chrome/common/ipc_channel_win.cc, line 341
[Child 10560, Chrome_ChildThread] WARNING: pi[Child 11636, Chrome_ChildThread] WARNING: pipe error: 109: file z:/task_1575281455/build/src/ipc/chromium/src/chrome/common/ipc_channel_win.cc, line 341
[Child 11636, Chrome_ChildThr1578410887011	Marionette	INFO	Stopped listening on port 59315
[GPU 8200, Chrome_ChildThread] WARNING: pipe error: 109:
###!!! [Child][MessageChannel::SendAndWait] Error: Channel error: cannot send/recv

